0 info it worked if it ends with ok
1 verbose cli [ '/usr/local/Cellar/node/6.8.1/bin/node',
1 verbose cli   '/usr/local/bin/npm',
1 verbose cli   'install',
1 verbose cli   'protractor',
1 verbose cli   '--save' ]
2 info using npm@3.10.8
3 info using node@v6.8.1
4 silly loadCurrentTree Starting
5 silly install loadCurrentTree
6 silly install readLocalPackageData
7 silly fetchPackageMetaData protractor@^5.2.0
8 silly fetchNamedPackageData protractor
9 silly mapToRegistry name protractor
10 silly mapToRegistry using default registry
11 silly mapToRegistry registry https://registry.npmjs.org/
12 silly mapToRegistry data Result {
12 silly mapToRegistry   raw: 'protractor',
12 silly mapToRegistry   scope: null,
12 silly mapToRegistry   escapedName: 'protractor',
12 silly mapToRegistry   name: 'protractor',
12 silly mapToRegistry   rawSpec: '',
12 silly mapToRegistry   spec: 'latest',
12 silly mapToRegistry   type: 'tag' }
13 silly mapToRegistry uri https://registry.npmjs.org/protractor
14 verbose request uri https://registry.npmjs.org/protractor
15 verbose request no auth needed
16 info attempt registry request try #1 at 10:59:59 PM
17 verbose request id 546d35f0d917c86c
18 verbose etag W/"5a1ace58-2744e"
19 verbose lastModified Sun, 26 Nov 2017 14:23:20 GMT
20 http request GET https://registry.npmjs.org/protractor
21 http 304 https://registry.npmjs.org/protractor
22 verbose headers { date: 'Tue, 28 Nov 2017 01:59:59 GMT',
22 verbose headers   via: '1.1 varnish',
22 verbose headers   'cache-control': 'max-age=300',
22 verbose headers   etag: 'W/"5a1ace58-2744e"',
22 verbose headers   age: '129',
22 verbose headers   connection: 'keep-alive',
22 verbose headers   'x-served-by': 'cache-gru17133-GRU',
22 verbose headers   'x-cache': 'HIT',
22 verbose headers   'x-cache-hits': '2',
22 verbose headers   'x-timer': 'S1511834399.293067,VS0,VE0',
22 verbose headers   vary: 'Accept-Encoding, Accept' }
23 silly get cb [ 304,
23 silly get   { date: 'Tue, 28 Nov 2017 01:59:59 GMT',
23 silly get     via: '1.1 varnish',
23 silly get     'cache-control': 'max-age=300',
23 silly get     etag: 'W/"5a1ace58-2744e"',
23 silly get     age: '129',
23 silly get     connection: 'keep-alive',
23 silly get     'x-served-by': 'cache-gru17133-GRU',
23 silly get     'x-cache': 'HIT',
23 silly get     'x-cache-hits': '2',
23 silly get     'x-timer': 'S1511834399.293067,VS0,VE0',
23 silly get     vary: 'Accept-Encoding, Accept' } ]
24 verbose etag https://registry.npmjs.org/protractor from cache
25 verbose get saving protractor to /Users/mauricio/.npm/registry.npmjs.org/protractor/.cache.json
26 verbose correctMkdir /Users/mauricio/.npm correctMkdir not in flight; initializing
27 silly install normalizeTree
28 silly loadCurrentTree Finishing
29 silly loadIdealTree Starting
30 silly install loadIdealTree
31 silly cloneCurrentTree Starting
32 silly install cloneCurrentTreeToIdealTree
33 silly cloneCurrentTree Finishing
34 silly loadShrinkwrap Starting
35 silly install loadShrinkwrap
36 silly loadShrinkwrap Finishing
37 silly loadAllDepsIntoIdealTree Starting
38 silly install loadAllDepsIntoIdealTree
39 silly rollbackFailedOptional Starting
40 silly rollbackFailedOptional Finishing
41 silly runTopLevelLifecycles Finishing
42 silly install printInstalled
43 verbose stack Error: Refusing to install protractor as a dependency of itself
43 verbose stack     at checkSelf (/usr/local/lib/node_modules/npm/lib/install/validate-args.js:53:14)
43 verbose stack     at Array.<anonymous> (/usr/local/lib/node_modules/npm/node_modules/slide/lib/bind-actor.js:15:8)
43 verbose stack     at LOOP (/usr/local/lib/node_modules/npm/node_modules/slide/lib/chain.js:15:14)
43 verbose stack     at chain (/usr/local/lib/node_modules/npm/node_modules/slide/lib/chain.js:20:5)
43 verbose stack     at /usr/local/lib/node_modules/npm/lib/install/validate-args.js:16:5
43 verbose stack     at /usr/local/lib/node_modules/npm/node_modules/slide/lib/async-map.js:52:35
43 verbose stack     at Array.forEach (native)
43 verbose stack     at /usr/local/lib/node_modules/npm/node_modules/slide/lib/async-map.js:52:11
43 verbose stack     at Array.forEach (native)
43 verbose stack     at asyncMap (/usr/local/lib/node_modules/npm/node_modules/slide/lib/async-map.js:51:8)
44 verbose cwd /Users/mauricio/Development/Pos-Graduacao/qualidade softw/protractor
45 error Darwin 17.0.0
46 error argv "/usr/local/Cellar/node/6.8.1/bin/node" "/usr/local/bin/npm" "install" "protractor" "--save"
47 error node v6.8.1
48 error npm  v3.10.8
49 error code ENOSELF
50 error Refusing to install protractor as a dependency of itself
51 error If you need help, you may report this error at:
51 error     <https://github.com/npm/npm/issues>
52 verbose exit [ 1, true ]
